{"C:\\Users\\jburgess\\customer-management\\imports\\sum.js": {"path":"C:\\Users\\jburgess\\customer-management\\imports\\sum.js","statementMap":{"0":{"start":{"line":1,"column":19},"end":{"line":1,"column":34}},"1":{"start":{"line":1,"column":29},"end":{"line":1,"column":34}}},"fnMap":{"0":{"name":"(anonymous_0)","decl":{"start":{"line":1,"column":19},"end":{"line":1,"column":20}},"loc":{"start":{"line":1,"column":29},"end":{"line":1,"column":34}},"line":1}},"branchMap":{},"s":{"0":1,"1":2},"f":{"0":2},"b":{},"_coverageSchema":"332fd63041d2c1bcb487cc26dd0d5f7d97098a6c","hash":"8dd42b41114be378de791b09b33c69c7bb35b854"}
,"C:\\Users\\jburgess\\customer-management\\imports\\startup\\server\\index.js": {"path":"C:\\Users\\jburgess\\customer-management\\imports\\startup\\server\\index.js","statementMap":{},"fnMap":{},"branchMap":{},"s":{},"f":{},"b":{},"_coverageSchema":"332fd63041d2c1bcb487cc26dd0d5f7d97098a6c","hash":"fbb10a7f028acce93a463be3d724b11fc1876f03"}
,"C:\\Users\\jburgess\\customer-management\\imports\\startup\\server\\register-api.js": {"path":"C:\\Users\\jburgess\\customer-management\\imports\\startup\\server\\register-api.js","statementMap":{},"fnMap":{},"branchMap":{},"s":{},"f":{},"b":{},"_coverageSchema":"332fd63041d2c1bcb487cc26dd0d5f7d97098a6c","hash":"96ce2a1732e16f9838bf0751c5c80732cab2336a"}
,"C:\\Users\\jburgess\\customer-management\\imports\\startup\\server\\fixtures\\fixtures.js": {"path":"C:\\Users\\jburgess\\customer-management\\imports\\startup\\server\\fixtures\\fixtures.js","statementMap":{},"fnMap":{},"branchMap":{},"s":{},"f":{},"b":{},"_coverageSchema":"332fd63041d2c1bcb487cc26dd0d5f7d97098a6c","hash":"93b41361eb8b7402215d0ba991533f60ff7d3c58"}
}
